<?xml version="1.0" encoding="UTF-8"?>
<testng-results skipped="0" failed="0" ignored="0" total="2" passed="2">
  <reporter-output>
  </reporter-output>
  <suite name="Suite" duration-ms="20315" started-at="2020-10-04T07:03:07Z" finished-at="2020-10-04T07:03:28Z">
    <groups>
    </groups>
    <test name="Test" duration-ms="20315" started-at="2020-10-04T07:03:07Z" finished-at="2020-10-04T07:03:28Z">
      <class name="pkg1.LoginTest">
        <test-method status="PASS" signature="setUp1()[pri:0, instance:pkg1.LoginTest@5b0abc94]" name="setUp1" duration-ms="7618" started-at="2020-10-04T07:03:07Z" finished-at="2020-10-04T07:03:15Z">
          <reporter-output>
          </reporter-output>
        </test-method> <!-- setUp1 -->
        <test-method status="PASS" signature="tearDown()[pri:0, instance:pkg1.LoginTest@5b0abc94]" name="tearDown" is-config="true" duration-ms="4315" started-at="2020-10-04T07:03:15Z" finished-at="2020-10-04T07:03:19Z">
          <reporter-output>
          </reporter-output>
        </test-method> <!-- tearDown -->
        <test-method status="PASS" signature="setUp2()[pri:0, instance:pkg1.LoginTest@5b0abc94]" name="setUp2" duration-ms="8266" started-at="2020-10-04T07:03:19Z" finished-at="2020-10-04T07:03:27Z">
          <reporter-output>
          </reporter-output>
        </test-method> <!-- setUp2 -->
        <test-method status="PASS" signature="tearDown()[pri:0, instance:pkg1.LoginTest@5b0abc94]" name="tearDown" is-config="true" duration-ms="88" started-at="2020-10-04T07:03:27Z" finished-at="2020-10-04T07:03:28Z">
          <reporter-output>
          </reporter-output>
        </test-method> <!-- tearDown -->
      </class> <!-- pkg1.LoginTest -->
    </test> <!-- Test -->
  </suite> <!-- Suite -->
</testng-results>
